Wed Aug 31 2022 02:47:48 GMT+0300 (GMT+03:00) : Account created for XXXXXXXXNDOE
Wed Aug 31 2022 02:47:48 GMT+0300 (GMT+03:00) : 50 credited to XXXXXXXXNDOE
Wed Aug 31 2022 02:47:48 GMT+0300 (GMT+03:00) : 20 credited to XXXXXXXXNDOE
Wed Aug 31 2022 02:47:48 GMT+0300 (GMT+03:00) : 10 debited from XXXXXXXXNDOE
Wed Aug 31 2022 02:47:48 GMT+0300 (GMT+03:00) : 120 credited to XXXXXXXXNDOE
Wed Aug 31 2022 02:47:48 GMT+0300 (GMT+03:00) : Account created for XXXXXXXXHELM
Wed Aug 31 2022 02:47:48 GMT+0300 (GMT+03:00) : 200 credited to XXXXXXXXHELM
Wed Aug 31 2022 02:47:48 GMT+0300 (GMT+03:00) : 25 debited from XXXXXXXXHELM
Wed Aug 31 2022 02:50:34 GMT+0300 (GMT+03:00) : Account created for XXXXXXXXNDOE
Wed Aug 31 2022 02:50:34 GMT+0300 (GMT+03:00) : 20 credited to XXXXXXXXNDOE
Wed Aug 31 2022 02:50:34 GMT+0300 (GMT+03:00) : 50 credited to XXXXXXXXNDOE
Wed Aug 31 2022 02:50:34 GMT+0300 (GMT+03:00) : 10 debited from XXXXXXXXNDOE
Wed Aug 31 2022 02:50:34 GMT+0300 (GMT+03:00) : 200 credited to XXXXXXXXHELM
Wed Aug 31 2022 02:50:34 GMT+0300 (GMT+03:00) : Account created for XXXXXXXXHELM
Wed Aug 31 2022 02:50:34 GMT+0300 (GMT+03:00) : 120 credited to XXXXXXXXNDOE
Wed Aug 31 2022 02:50:34 GMT+0300 (GMT+03:00) : 25 debited from XXXXXXXXHELM
Wed Aug 31 2022 02:50:49 GMT+0300 (GMT+03:00) : Account created for XXXXXXXXEREN
Wed Aug 31 2022 02:50:49 GMT+0300 (GMT+03:00) : 20 credited to XXXXXXXXEREN
Wed Aug 31 2022 02:50:49 GMT+0300 (GMT+03:00) : 50 credited to XXXXXXXXEREN
Wed Aug 31 2022 02:50:49 GMT+0300 (GMT+03:00) : 10 debited from XXXXXXXXEREN
Wed Aug 31 2022 02:50:49 GMT+0300 (GMT+03:00) : Account created for XXXXXXXXHMET
Wed Aug 31 2022 02:50:49 GMT+0300 (GMT+03:00) : 120 credited to XXXXXXXXEREN
Wed Aug 31 2022 02:50:49 GMT+0300 (GMT+03:00) : 25 debited from XXXXXXXXHMET
Wed Aug 31 2022 02:50:49 GMT+0300 (GMT+03:00) : 200 credited to XXXXXXXXHMET
Wed Aug 31 2022 02:51:00 GMT+0300 (GMT+03:00) : Account created for XXXXXXXXEREN
Wed Aug 31 2022 02:51:00 GMT+0300 (GMT+03:00) : 20 credited to XXXXXXXXEREN
Wed Aug 31 2022 02:51:00 GMT+0300 (GMT+03:00) : 120 credited to XXXXXXXXEREN
Wed Aug 31 2022 02:51:00 GMT+0300 (GMT+03:00) : 10 debited from XXXXXXXXEREN
Wed Aug 31 2022 02:51:00 GMT+0300 (GMT+03:00) : 50 credited to XXXXXXXXEREN
Wed Aug 31 2022 02:51:00 GMT+0300 (GMT+03:00) : 200 credited to XXXXXXXXUSUF
Wed Aug 31 2022 02:51:00 GMT+0300 (GMT+03:00) : Account created for XXXXXXXXUSUF
Wed Aug 31 2022 02:51:00 GMT+0300 (GMT+03:00) : 25 debited from XXXXXXXXUSUF
